\BOOKMARK [1][-]{section.1}{\376\377\000W\000h\000a\000t\000\040\000t\000h\000i\000s\000\040\000b\000o\000o\000k\000\040\000i\000s\000\040\000a\000n\000d\000\040\000h\000o\000w\000\040\000t\000o\000\040\000r\000e\000a\000d\000\040\000i\000t}{}% 1
\BOOKMARK [2][-]{subsection.1.1}{\376\377\000T\000r\000i\000a\000l\000\040\000d\000a\000t\000a\000\040\000s\000c\000h\000e\000m\000a\000\040\000\050\000t\000h\000e\000\040\000o\000n\000l\000y\000\040\000c\000o\000l\000u\000m\000n\000-\000l\000e\000v\000e\000l\000\040\000f\000a\000c\000t\000\040\000y\000o\000u\000\040\000n\000e\000e\000d\000\051}{section.1}% 2
\BOOKMARK [1][-]{section.2}{\376\377\000C\000h\000a\000p\000t\000e\000r\000\040\0001\0006\000\040\040\023\000\040\000S\000i\000g\000n\000a\000l\000-\000d\000e\000t\000e\000c\000t\000i\000o\000n\000\040\000a\000l\000i\000g\000n\000m\000e\000n\000t\000\040\000a\000n\000d\000\040\000r\000e\000s\000p\000o\000n\000s\000e\000\040\000b\000i\000a\000s}{}% 3
\BOOKMARK [2][-]{subsection.2.1}{\376\377\000P\000l\000a\000i\000n\000-\000E\000n\000g\000l\000i\000s\000h\000\040\000i\000n\000t\000e\000n\000t}{section.2}% 4
\BOOKMARK [2][-]{subsection.2.2}{\376\377\000I\000n\000t\000u\000i\000t\000i\000v\000e\000\040\000f\000o\000r\000m\000u\000l\000a\000\040\000w\000a\000l\000k\000t\000h\000r\000o\000u\000g\000h}{section.2}% 5
\BOOKMARK [2][-]{subsection.2.3}{\376\377\000R\000e\000s\000u\000l\000t\000\040\000i\000n\000t\000e\000r\000p\000r\000e\000t\000a\000t\000i\000o\000n}{section.2}% 6
\BOOKMARK [2][-]{subsection.2.4}{\376\377\000R\000e\000a\000d\000e\000r\000\040\000t\000a\000k\000e\000a\000w\000a\000y}{section.2}% 7
\BOOKMARK [1][-]{section.3}{\376\377\000C\000h\000a\000p\000t\000e\000r\000\040\0001\0007\000\040\040\023\000\040\000I\000n\000t\000e\000r\000n\000a\000l\000\040\000r\000e\000s\000p\000o\000n\000s\000e\000\040\000c\000o\000n\000s\000i\000s\000t\000e\000n\000c\000y}{}% 8
\BOOKMARK [2][-]{subsection.3.1}{\376\377\000P\000l\000a\000i\000n\000-\000E\000n\000g\000l\000i\000s\000h\000\040\000i\000n\000t\000e\000n\000t}{section.3}% 9
\BOOKMARK [2][-]{subsection.3.2}{\376\377\000I\000n\000t\000u\000i\000t\000i\000v\000e\000\040\000f\000o\000r\000m\000u\000l\000a\000\040\000w\000a\000l\000k\000t\000h\000r\000o\000u\000g\000h}{section.3}% 10
\BOOKMARK [2][-]{subsection.3.3}{\376\377\000R\000e\000s\000u\000l\000t\000\040\000i\000n\000t\000e\000r\000p\000r\000e\000t\000a\000t\000i\000o\000n}{section.3}% 11
\BOOKMARK [2][-]{subsection.3.4}{\376\377\000R\000e\000a\000d\000e\000r\000\040\000t\000a\000k\000e\000a\000w\000a\000y}{section.3}% 12
\BOOKMARK [1][-]{section.4}{\376\377\000C\000h\000a\000p\000t\000e\000r\000\040\0001\0008\000\040\040\023\000\040\000T\000r\000i\000a\000l\000-\000l\000e\000v\000e\000l\000\040\000l\000o\000g\000i\000s\000t\000i\000c\000\040\000p\000r\000e\000d\000i\000c\000t\000i\000o\000n}{}% 13
\BOOKMARK [2][-]{subsection.4.1}{\376\377\000P\000l\000a\000i\000n\000-\000E\000n\000g\000l\000i\000s\000h\000\040\000i\000n\000t\000e\000n\000t}{section.4}% 14
\BOOKMARK [2][-]{subsection.4.2}{\376\377\000I\000n\000t\000u\000i\000t\000i\000v\000e\000\040\000f\000o\000r\000m\000u\000l\000a\000\040\000w\000a\000l\000k\000t\000h\000r\000o\000u\000g\000h}{section.4}% 15
\BOOKMARK [2][-]{subsection.4.3}{\376\377\000R\000e\000s\000u\000l\000t\000\040\000i\000n\000t\000e\000r\000p\000r\000e\000t\000a\000t\000i\000o\000n}{section.4}% 16
\BOOKMARK [2][-]{subsection.4.4}{\376\377\000R\000e\000a\000d\000e\000r\000\040\000t\000a\000k\000e\000a\000w\000a\000y}{section.4}% 17
\BOOKMARK [1][-]{section.5}{\376\377\000C\000h\000a\000p\000t\000e\000r\000\040\0001\0009\000\040\040\023\000\040\000R\000e\000s\000p\000o\000n\000s\000e\000\040\000g\000e\000o\000m\000e\000t\000r\000y\000\040\000a\000n\000d\000\040\000R\000S\000A}{}% 18
\BOOKMARK [2][-]{subsection.5.1}{\376\377\000P\000l\000a\000i\000n\000-\000E\000n\000g\000l\000i\000s\000h\000\040\000i\000n\000t\000e\000n\000t}{section.5}% 19
\BOOKMARK [2][-]{subsection.5.2}{\376\377\000I\000n\000t\000u\000i\000t\000i\000v\000e\000\040\000f\000o\000r\000m\000u\000l\000a\000\040\000w\000a\000l\000k\000t\000h\000r\000o\000u\000g\000h}{section.5}% 20
\BOOKMARK [2][-]{subsection.5.3}{\376\377\000R\000e\000s\000u\000l\000t\000\040\000i\000n\000t\000e\000r\000p\000r\000e\000t\000a\000t\000i\000o\000n}{section.5}% 21
\BOOKMARK [2][-]{subsection.5.4}{\376\377\000R\000e\000a\000d\000e\000r\000\040\000t\000a\000k\000e\000a\000w\000a\000y}{section.5}% 22
\BOOKMARK [1][-]{section.6}{\376\377\000C\000h\000a\000p\000t\000e\000r\000\040\0002\0000\000\040\040\023\000\040\000L\000a\000t\000e\000n\000t\000\040\000r\000e\000s\000p\000o\000n\000s\000e\000\040\000s\000t\000r\000a\000t\000e\000g\000i\000e\000s}{}% 23
\BOOKMARK [2][-]{subsection.6.1}{\376\377\000P\000l\000a\000i\000n\000-\000E\000n\000g\000l\000i\000s\000h\000\040\000i\000n\000t\000e\000n\000t}{section.6}% 24
\BOOKMARK [2][-]{subsection.6.2}{\376\377\000I\000n\000t\000u\000i\000t\000i\000v\000e\000\040\000f\000o\000r\000m\000u\000l\000a\000\040\000w\000a\000l\000k\000t\000h\000r\000o\000u\000g\000h}{section.6}% 25
\BOOKMARK [2][-]{subsection.6.3}{\376\377\000R\000e\000s\000u\000l\000t\000\040\000i\000n\000t\000e\000r\000p\000r\000e\000t\000a\000t\000i\000o\000n}{section.6}% 26
\BOOKMARK [2][-]{subsection.6.4}{\376\377\000R\000e\000a\000d\000e\000r\000\040\000t\000a\000k\000e\000a\000w\000a\000y}{section.6}% 27
\BOOKMARK [1][-]{section.7}{\376\377\000S\000y\000n\000t\000h\000e\000s\000i\000s}{}% 28
