This is pdfTeX, Version 3.141592653-2.6-1.40.25 (TeX Live 2023/Debian) (preloaded format=pdflatex 2026.4.26)  1 MAY 2026 12:57
entering extended mode
 restricted \write18 enabled.
 %&-line parsing enabled.
**book3_writeup.tex
(./book3_writeup.tex
LaTeX2e <2023-11-01> patch level 1
L3 programming layer <2024-01-22>
(/usr/share/texlive/texmf-dist/tex/latex/base/article.cls
Document Class: article 2023/05/17 v1.4n Standard LaTeX document class
(/usr/share/texlive/texmf-dist/tex/latex/base/size11.clo
File: size11.clo 2023/05/17 v1.4n Standard LaTeX file (size option)
)
\c@part=\count187
\c@section=\count188
\c@subsection=\count189
\c@subsubsection=\count190
\c@paragraph=\count191
\c@subparagraph=\count192
\c@figure=\count193
\c@table=\count194
\abovecaptionskip=\skip48
\belowcaptionskip=\skip49
\bibindent=\dimen140
)
(/usr/share/texlive/texmf-dist/tex/latex/geometry/geometry.sty
Package: geometry 2020/01/02 v5.9 Page Geometry

(/usr/share/texlive/texmf-dist/tex/latex/graphics/keyval.sty
Package: keyval 2022/05/29 v1.15 key=value parser (DPC)
\KV@toks@=\toks17
)
(/usr/share/texlive/texmf-dist/tex/generic/iftex/ifvtex.sty
Package: ifvtex 2019/10/25 v1.7 ifvtex legacy package. Use iftex instead.

(/usr/share/texlive/texmf-dist/tex/generic/iftex/iftex.sty
Package: iftex 2022/02/03 v1.0f TeX engine tests
))
\Gm@cnth=\count195
\Gm@cntv=\count196
\c@Gm@tempcnt=\count197
\Gm@bindingoffset=\dimen141
\Gm@wd@mp=\dimen142
\Gm@odd@mp=\dimen143
\Gm@even@mp=\dimen144
\Gm@layoutwidth=\dimen145
\Gm@layoutheight=\dimen146
\Gm@layouthoffset=\dimen147
\Gm@layoutvoffset=\dimen148
\Gm@dimlist=\toks18
)
(/usr/share/texlive/texmf-dist/tex/latex/graphics/graphicx.sty
Package: graphicx 2021/09/16 v1.2d Enhanced LaTeX Graphics (DPC,SPQR)

(/usr/share/texlive/texmf-dist/tex/latex/graphics/graphics.sty
Package: graphics 2022/03/10 v1.4e Standard LaTeX Graphics (DPC,SPQR)

(/usr/share/texlive/texmf-dist/tex/latex/graphics/trig.sty
Package: trig 2021/08/11 v1.11 sin cos tan (DPC)
)
(/usr/share/texlive/texmf-dist/tex/latex/graphics-cfg/graphics.cfg
File: graphics.cfg 2016/06/04 v1.11 sample graphics configuration
)
Package graphics Info: Driver file: pdftex.def on input line 107.

(/usr/share/texlive/texmf-dist/tex/latex/graphics-def/pdftex.def
File: pdftex.def 2022/09/22 v1.2b Graphics/color driver for pdftex
))
\Gin@req@height=\dimen149
\Gin@req@width=\dimen150
)
(/usr/share/texlive/texmf-dist/tex/latex/amsmath/amsmath.sty
Package: amsmath 2023/05/13 v2.17o AMS math features
\@mathmargin=\skip50

For additional information on amsmath, use the `?' option.
(/usr/share/texlive/texmf-dist/tex/latex/amsmath/amstext.sty
Package: amstext 2021/08/26 v2.01 AMS text

(/usr/share/texlive/texmf-dist/tex/latex/amsmath/amsgen.sty
File: amsgen.sty 1999/11/30 v2.0 generic functions
\@emptytoks=\toks19
\ex@=\dimen151
))
(/usr/share/texlive/texmf-dist/tex/latex/amsmath/amsbsy.sty
Package: amsbsy 1999/11/29 v1.2d Bold Symbols
\pmbraise@=\dimen152
)
(/usr/share/texlive/texmf-dist/tex/latex/amsmath/amsopn.sty
Package: amsopn 2022/04/08 v2.04 operator names
)
\inf@bad=\count198
LaTeX Info: Redefining \frac on input line 234.
\uproot@=\count199
\leftroot@=\count266
LaTeX Info: Redefining \overline on input line 399.
LaTeX Info: Redefining \colon on input line 410.
\classnum@=\count267
\DOTSCASE@=\count268
LaTeX Info: Redefining \ldots on input line 496.
LaTeX Info: Redefining \dots on input line 499.
LaTeX Info: Redefining \cdots on input line 620.
\Mathstrutbox@=\box51
\strutbox@=\box52
LaTeX Info: Redefining \big on input line 722.
LaTeX Info: Redefining \Big on input line 723.
LaTeX Info: Redefining \bigg on input line 724.
LaTeX Info: Redefining \Bigg on input line 725.
\big@size=\dimen153
LaTeX Font Info:    Redeclaring font encoding OML on input line 743.
LaTeX Font Info:    Redeclaring font encoding OMS on input line 744.
\macc@depth=\count269
LaTeX Info: Redefining \bmod on input line 905.
LaTeX Info: Redefining \pmod on input line 910.
LaTeX Info: Redefining \smash on input line 940.
LaTeX Info: Redefining \relbar on input line 970.
LaTeX Info: Redefining \Relbar on input line 971.
\c@MaxMatrixCols=\count270
\dotsspace@=\muskip16
\c@parentequation=\count271
\dspbrk@lvl=\count272
\tag@help=\toks20
\row@=\count273
\column@=\count274
\maxfields@=\count275
\andhelp@=\toks21
\eqnshift@=\dimen154
\alignsep@=\dimen155
\tagshift@=\dimen156
\tagwidth@=\dimen157
\totwidth@=\dimen158
\lineht@=\dimen159
\@envbody=\toks22
\multlinegap=\skip51
\multlinetaggap=\skip52
\mathdisplay@stack=\toks23
LaTeX Info: Redefining \[ on input line 2953.
LaTeX Info: Redefining \] on input line 2954.
)
(/usr/share/texlive/texmf-dist/tex/latex/amsfonts/amssymb.sty
Package: amssymb 2013/01/14 v3.01 AMS font symbols

(/usr/share/texlive/texmf-dist/tex/latex/amsfonts/amsfonts.sty
Package: amsfonts 2013/01/14 v3.01 Basic AMSFonts support
\symAMSa=\mathgroup4
\symAMSb=\mathgroup5
LaTeX Font Info:    Redeclaring math symbol \hbar on input line 98.
LaTeX Font Info:    Overwriting math alphabet `\mathfrak' in version `bold'
(Font)                  U/euf/m/n --> U/euf/b/n on input line 106.
))
(/usr/share/texlive/texmf-dist/tex/latex/booktabs/booktabs.sty
Package: booktabs 2020/01/12 v1.61803398 Publication quality tables
\heavyrulewidth=\dimen160
\lightrulewidth=\dimen161
\cmidrulewidth=\dimen162
\belowrulesep=\dimen163
\belowbottomsep=\dimen164
\aboverulesep=\dimen165
\abovetopsep=\dimen166
\cmidrulesep=\dimen167
\cmidrulekern=\dimen168
\defaultaddspace=\dimen169
\@cmidla=\count276
\@cmidlb=\count277
\@aboverulesep=\dimen170
\@belowrulesep=\dimen171
\@thisruleclass=\count278
\@lastruleclass=\count279
\@thisrulewidth=\dimen172
)
(/usr/share/texlive/texmf-dist/tex/latex/microtype/microtype.sty
Package: microtype 2023/03/13 v3.1a Micro-typographical refinements (RS)

(/usr/share/texlive/texmf-dist/tex/latex/etoolbox/etoolbox.sty
Package: etoolbox 2020/10/05 v2.5k e-TeX tools for LaTeX (JAW)
\etb@tempcnta=\count280
)
\MT@toks=\toks24
\MT@tempbox=\box53
\MT@count=\count281
LaTeX Info: Redefining \noprotrusionifhmode on input line 1059.
LaTeX Info: Redefining \leftprotrusion on input line 1060.
\MT@prot@toks=\toks25
LaTeX Info: Redefining \rightprotrusion on input line 1078.
LaTeX Info: Redefining \textls on input line 1368.
\MT@outer@kern=\dimen173
LaTeX Info: Redefining \textmicrotypecontext on input line 1988.
\MT@listname@count=\count282

(/usr/share/texlive/texmf-dist/tex/latex/microtype/microtype-pdftex.def
File: microtype-pdftex.def 2023/03/13 v3.1a Definitions specific to pdftex (RS)

LaTeX Info: Redefining \lsstyle on input line 902.
LaTeX Info: Redefining \lslig on input line 902.
\MT@outer@space=\skip53
)
Package microtype Info: Loading configuration file microtype.cfg.

(/usr/share/texlive/texmf-dist/tex/latex/microtype/microtype.cfg
File: microtype.cfg 2023/03/13 v3.1a microtype main configuration file (RS)
))
(/usr/share/texlive/texmf-dist/tex/latex/caption/caption.sty
Package: caption 2023/08/05 v3.6o Customizing captions (AR)

(/usr/share/texlive/texmf-dist/tex/latex/caption/caption3.sty
Package: caption3 2023/07/31 v2.4d caption3 kernel (AR)
\caption@tempdima=\dimen174
\captionmargin=\dimen175
\caption@leftmargin=\dimen176
\caption@rightmargin=\dimen177
\caption@width=\dimen178
\caption@indent=\dimen179
\caption@parindent=\dimen180
\caption@hangindent=\dimen181
Package caption Info: Standard document class detected.
)
\c@caption@flags=\count283
\c@continuedfloat=\count284
)
(/usr/share/texlive/texmf-dist/tex/latex/xcolor/xcolor.sty
Package: xcolor 2023/11/15 v3.01 LaTeX color extensions (UK)

(/usr/share/texlive/texmf-dist/tex/latex/graphics-cfg/color.cfg
File: color.cfg 2016/01/02 v1.6 sample color configuration
)
Package xcolor Info: Driver file: pdftex.def on input line 274.

(/usr/share/texlive/texmf-dist/tex/latex/graphics/mathcolor.ltx)
Package xcolor Info: Model `cmy' substituted by `cmy0' on input line 1350.
Package xcolor Info: Model `hsb' substituted by `rgb' on input line 1354.
Package xcolor Info: Model `RGB' extended on input line 1366.
Package xcolor Info: Model `HTML' substituted by `rgb' on input line 1368.
Package xcolor Info: Model `Hsb' substituted by `hsb' on input line 1369.
Package xcolor Info: Model `tHsb' substituted by `hsb' on input line 1370.
Package xcolor Info: Model `HSB' substituted by `hsb' on input line 1371.
Package xcolor Info: Model `Gray' substituted by `gray' on input line 1372.
Package xcolor Info: Model `wave' substituted by `hsb' on input line 1373.
)
(/usr/share/texlive/texmf-dist/tex/latex/hyperref/hyperref.sty
Package: hyperref 2024-01-20 v7.01h Hypertext links for LaTeX

(/usr/share/texlive/texmf-dist/tex/latex/kvsetkeys/kvsetkeys.sty
Package: kvsetkeys 2022-10-05 v1.19 Key value parser (HO)
)
(/usr/share/texlive/texmf-dist/tex/generic/kvdefinekeys/kvdefinekeys.sty
Package: kvdefinekeys 2019-12-19 v1.6 Define keys (HO)
)
(/usr/share/texlive/texmf-dist/tex/generic/pdfescape/pdfescape.sty
Package: pdfescape 2019/12/09 v1.15 Implements pdfTeX's escape features (HO)

(/usr/share/texlive/texmf-dist/tex/generic/ltxcmds/ltxcmds.sty
Package: ltxcmds 2023-12-04 v1.26 LaTeX kernel commands for general use (HO)
)
(/usr/share/texlive/texmf-dist/tex/generic/pdftexcmds/pdftexcmds.sty
Package: pdftexcmds 2020-06-27 v0.33 Utility functions of pdfTeX for LuaTeX (HO
)

(/usr/share/texlive/texmf-dist/tex/generic/infwarerr/infwarerr.sty
Package: infwarerr 2019/12/03 v1.5 Providing info/warning/error messages (HO)
)
Package pdftexcmds Info: \pdf@primitive is available.
Package pdftexcmds Info: \pdf@ifprimitive is available.
Package pdftexcmds Info: \pdfdraftmode found.
))
(/usr/share/texlive/texmf-dist/tex/latex/hycolor/hycolor.sty
Package: hycolor 2020-01-27 v1.10 Color options for hyperref/bookmark (HO)
)
(/usr/share/texlive/texmf-dist/tex/latex/auxhook/auxhook.sty
Package: auxhook 2019-12-17 v1.6 Hooks for auxiliary files (HO)
)
(/usr/share/texlive/texmf-dist/tex/latex/hyperref/nameref.sty
Package: nameref 2023-11-26 v2.56 Cross-referencing by name of section

(/usr/share/texlive/texmf-dist/tex/latex/refcount/refcount.sty
Package: refcount 2019/12/15 v3.6 Data extraction from label references (HO)
)
(/usr/share/texlive/texmf-dist/tex/generic/gettitlestring/gettitlestring.sty
Package: gettitlestring 2019/12/15 v1.6 Cleanup title references (HO)

(/usr/share/texlive/texmf-dist/tex/latex/kvoptions/kvoptions.sty
Package: kvoptions 2022-06-15 v3.15 Key value format for package options (HO)
))
\c@section@level=\count285
)
\@linkdim=\dimen182
\Hy@linkcounter=\count286
\Hy@pagecounter=\count287

(/usr/share/texlive/texmf-dist/tex/latex/hyperref/pd1enc.def
File: pd1enc.def 2024-01-20 v7.01h Hyperref: PDFDocEncoding definition (HO)
Now handling font encoding PD1 ...
... no UTF-8 mapping file for font encoding PD1
)
(/usr/share/texlive/texmf-dist/tex/generic/intcalc/intcalc.sty
Package: intcalc 2019/12/15 v1.3 Expandable calculations with integers (HO)
)
\Hy@SavedSpaceFactor=\count288

(/usr/share/texlive/texmf-dist/tex/latex/hyperref/puenc.def
File: puenc.def 2024-01-20 v7.01h Hyperref: PDF Unicode definition (HO)
Now handling font encoding PU ...
... no UTF-8 mapping file for font encoding PU
)
Package hyperref Info: Hyper figures OFF on input line 4179.
Package hyperref Info: Link nesting OFF on input line 4184.
Package hyperref Info: Hyper index ON on input line 4187.
Package hyperref Info: Plain pages OFF on input line 4194.
Package hyperref Info: Backreferencing OFF on input line 4199.
Package hyperref Info: Implicit mode ON; LaTeX internals redefined.
Package hyperref Info: Bookmarks ON on input line 4446.
\c@Hy@tempcnt=\count289

(/usr/share/texlive/texmf-dist/tex/latex/url/url.sty
\Urlmuskip=\muskip17
Package: url 2013/09/16  ver 3.4  Verb mode for urls, etc.
)
LaTeX Info: Redefining \url on input line 4784.
\XeTeXLinkMargin=\dimen183

(/usr/share/texlive/texmf-dist/tex/generic/bitset/bitset.sty
Package: bitset 2019/12/09 v1.3 Handle bit-vector datatype (HO)

(/usr/share/texlive/texmf-dist/tex/generic/bigintcalc/bigintcalc.sty
Package: bigintcalc 2019/12/15 v1.5 Expandable calculations on big integers (HO
)
))
\Fld@menulength=\count290
\Field@Width=\dimen184
\Fld@charsize=\dimen185
Package hyperref Info: Hyper figures OFF on input line 6063.
Package hyperref Info: Link nesting OFF on input line 6068.
Package hyperref Info: Hyper index ON on input line 6071.
Package hyperref Info: backreferencing OFF on input line 6078.
Package hyperref Info: Link coloring OFF on input line 6083.
Package hyperref Info: Link coloring with OCG OFF on input line 6088.
Package hyperref Info: PDF/A mode OFF on input line 6093.

(/usr/share/texlive/texmf-dist/tex/latex/base/atbegshi-ltx.sty
Package: atbegshi-ltx 2021/01/10 v1.0c Emulation of the original atbegshi
package with kernel methods
)
\Hy@abspage=\count291
\c@Item=\count292
\c@Hfootnote=\count293
)
Package hyperref Info: Driver (autodetected): hpdftex.

(/usr/share/texlive/texmf-dist/tex/latex/hyperref/hpdftex.def
File: hpdftex.def 2024-01-20 v7.01h Hyperref driver for pdfTeX

(/usr/share/texlive/texmf-dist/tex/latex/base/atveryend-ltx.sty
Package: atveryend-ltx 2020/08/19 v1.0a Emulation of the original atveryend pac
kage
with kernel methods
)
\Fld@listcount=\count294
\c@bookmark@seq@number=\count295

(/usr/share/texlive/texmf-dist/tex/latex/rerunfilecheck/rerunfilecheck.sty
Package: rerunfilecheck 2022-07-10 v1.10 Rerun checks for auxiliary files (HO)

(/usr/share/texlive/texmf-dist/tex/generic/uniquecounter/uniquecounter.sty
Package: uniquecounter 2019/12/15 v1.4 Provide unlimited unique counter (HO)
)
Package uniquecounter Info: New unique counter `rerunfilecheck' on input line 2
85.
)
\Hy@SectionHShift=\skip54
)
Package hyperref Info: Option `colorlinks' set `true' on input line 10.

(/usr/share/texlive/texmf-dist/tex/latex/l3backend/l3backend-pdftex.def
File: l3backend-pdftex.def 2024-01-04 L3 backend support: PDF output (pdfTeX)
\l__color_backend_stack_int=\count296
\l__pdf_internal_box=\box54
)
No file book3_writeup.aux.
\openout1 = `book3_writeup.aux'.

LaTeX Font Info:    Checking defaults for OML/cmm/m/it on input line 19.
LaTeX Font Info:    ... okay on input line 19.
LaTeX Font Info:    Checking defaults for OMS/cmsy/m/n on input line 19.
LaTeX Font Info:    ... okay on input line 19.
LaTeX Font Info:    Checking defaults for OT1/cmr/m/n on input line 19.
LaTeX Font Info:    ... okay on input line 19.
LaTeX Font Info:    Checking defaults for T1/cmr/m/n on input line 19.
LaTeX Font Info:    ... okay on input line 19.
LaTeX Font Info:    Checking defaults for TS1/cmr/m/n on input line 19.
LaTeX Font Info:    ... okay on input line 19.
LaTeX Font Info:    Checking defaults for OMX/cmex/m/n on input line 19.
LaTeX Font Info:    ... okay on input line 19.
LaTeX Font Info:    Checking defaults for U/cmr/m/n on input line 19.
LaTeX Font Info:    ... okay on input line 19.
LaTeX Font Info:    Checking defaults for PD1/pdf/m/n on input line 19.
LaTeX Font Info:    ... okay on input line 19.
LaTeX Font Info:    Checking defaults for PU/pdf/m/n on input line 19.
LaTeX Font Info:    ... okay on input line 19.
*geometry* driver: auto-detecting
*geometry* detected driver: pdftex
*geometry* verbose mode - [ preamble ] result:
* driver: pdftex
* paper: <default>
* layout: <same size as paper>
* layoutoffset:(h,v)=(0.0pt,0.0pt)
* modes: 
* h-part:(L,W,R)=(72.26999pt, 469.75502pt, 72.26999pt)
* v-part:(T,H,B)=(72.26999pt, 650.43001pt, 72.26999pt)
* \paperwidth=614.295pt
* \paperheight=794.96999pt
* \textwidth=469.75502pt
* \textheight=650.43001pt
* \oddsidemargin=0.0pt
* \evensidemargin=0.0pt
* \topmargin=-37.0pt
* \headheight=12.0pt
* \headsep=25.0pt
* \topskip=11.0pt
* \footskip=30.0pt
* \marginparwidth=59.0pt
* \marginparsep=10.0pt
* \columnsep=10.0pt
* \skip\footins=10.0pt plus 4.0pt minus 2.0pt
* \hoffset=0.0pt
* \voffset=0.0pt
* \mag=1000
* \@twocolumnfalse
* \@twosidefalse
* \@mparswitchfalse
* \@reversemarginfalse
* (1in=72.27pt=25.4mm, 1cm=28.453pt)

(/usr/share/texlive/texmf-dist/tex/context/base/mkii/supp-pdf.mkii
[Loading MPS to PDF converter (version 2006.09.02).]
\scratchcounter=\count297
\scratchdimen=\dimen186
\scratchbox=\box55
\nofMPsegments=\count298
\nofMParguments=\count299
\everyMPshowfont=\toks26
\MPscratchCnt=\count300
\MPscratchDim=\dimen187
\MPnumerator=\count301
\makeMPintoPDFobject=\count302
\everyMPtoPDFconversion=\toks27
) (/usr/share/texlive/texmf-dist/tex/latex/epstopdf-pkg/epstopdf-base.sty
Package: epstopdf-base 2020-01-24 v2.11 Base part for package epstopdf
Package epstopdf-base Info: Redefining graphics rule for `.eps' on input line 4
85.

(/usr/share/texlive/texmf-dist/tex/latex/latexconfig/epstopdf-sys.cfg
File: epstopdf-sys.cfg 2010/07/13 v1.3 Configuration of (r)epstopdf for TeX Liv
e
))
LaTeX Info: Redefining \microtypecontext on input line 19.
Package microtype Info: Applying patch `item' on input line 19.
Package microtype Info: Applying patch `toc' on input line 19.
Package microtype Info: Applying patch `eqnum' on input line 19.
Package microtype Info: Applying patch `footnote' on input line 19.
Package microtype Info: Applying patch `verbatim' on input line 19.
Package microtype Info: Generating PDF output.
Package microtype Info: Character protrusion enabled (level 2).
Package microtype Info: Using default protrusion set `alltext'.
Package microtype Info: Automatic font expansion enabled (level 2),
(microtype)             stretch: 20, shrink: 20, step: 1, non-selected.
Package microtype Info: Using default expansion set `alltext-nott'.
LaTeX Info: Redefining \showhyphens on input line 19.
Package microtype Info: No adjustment of tracking.
Package microtype Info: No adjustment of interword spacing.
Package microtype Info: No adjustment of character kerning.

(/usr/share/texlive/texmf-dist/tex/latex/microtype/mt-cmr.cfg
File: mt-cmr.cfg 2013/05/19 v2.2 microtype config. file: Computer Modern Roman 
(RS)
)
Package caption Info: Begin \AtBeginDocument code.
Package caption Info: hyperref package is loaded.
Package caption Info: End \AtBeginDocument code.
Package hyperref Info: Link coloring ON on input line 19.
\@outlinefile=\write3
\openout3 = `book3_writeup.out'.

LaTeX Font Info:    Trying to load font information for U+msa on input line 21.


(/usr/share/texlive/texmf-dist/tex/latex/amsfonts/umsa.fd
File: umsa.fd 2013/01/14 v3.01 AMS symbols A
)
(/usr/share/texlive/texmf-dist/tex/latex/microtype/mt-msa.cfg
File: mt-msa.cfg 2006/02/04 v1.1 microtype config. file: AMS symbols (a) (RS)
)
LaTeX Font Info:    Trying to load font information for U+msb on input line 21.


(/usr/share/texlive/texmf-dist/tex/latex/amsfonts/umsb.fd
File: umsb.fd 2013/01/14 v3.01 AMS symbols B
)
(/usr/share/texlive/texmf-dist/tex/latex/microtype/mt-msb.cfg
File: mt-msb.cfg 2005/06/01 v1.0 microtype config. file: AMS symbols (b) (RS)
)
No file book3_writeup.toc.
\tf@toc=\write4
\openout4 = `book3_writeup.toc'.

Package microtype Info: Loading generic protrusion settings for font family
(microtype)             `cmtt' (encoding: OT1).
(microtype)             For optimal results, create family-specific settings.
(microtype)             See the microtype manual for details.
[1

{/var/lib/texmf/fonts/map/pdftex/updmap/pdftex.map}]
Overfull \hbox (0.68605pt too wide) in paragraph at lines 79--86
[] \OT1/cmr/m/n/10.95 (-20) = []  []  15 \OMS/cmsy/m/n/10.95 2 f\OT1/cmr/m/n/10
.95 (-20) 0\OML/cmm/m/it/10.95 ; [] ; \OT1/cmr/m/n/10.95 (-20) 14\OMS/cmsy/m/n/
10.95 g$ \OT1/cmr/m/n/10.95 (-20) and $[] = [] \OMS/cmsy/m/n/10.95 2
 []


LaTeX Warning: Reference `fig:ch22-hist' on page 2 undefined on input line 135.



LaTeX Warning: Reference `fig:ch22-examples' on page 2 undefined on input line 
150.

[2{/usr/share/texmf/fonts/enc/dvips/cm-super/cm-super-ts1.enc}]
<stimuli-analyses/outputs/book3/ch22-classification-image/ch22_alignment_hist.p
ng, id=44, 867.24pt x 361.35pt>
File: stimuli-analyses/outputs/book3/ch22-classification-image/ch22_alignment_h
ist.png Graphic file (type png)
<use stimuli-analyses/outputs/book3/ch22-classification-image/ch22_alignment_hi
st.png>
Package pdftex.def Info: stimuli-analyses/outputs/book3/ch22-classification-ima
ge/ch22_alignment_hist.png  used on input line 164.
(pdftex.def)             Requested size: 469.75827pt x 195.7326pt.
<stimuli-analyses/outputs/book3/ch22-classification-image/ch22_ci_examples.png,
 id=46, 1011.78pt x 505.89pt>
File: stimuli-analyses/outputs/book3/ch22-classification-image/ch22_ci_examples
.png Graphic file (type png)
<use stimuli-analyses/outputs/book3/ch22-classification-image/ch22_ci_examples.
png>
Package pdftex.def Info: stimuli-analyses/outputs/book3/ch22-classification-ima
ge/ch22_ci_examples.png  used on input line 173.
(pdftex.def)             Requested size: 469.76266pt x 234.88132pt.


LaTeX Warning: `h' float specifier changed to `ht'.

<stimuli-analyses/outputs/book3/ch22-classification-image/ch22_ci_vs_wall_scatt
er.png, id=47, 505.89pt x 433.62pt>
File: stimuli-analyses/outputs/book3/ch22-classification-image/ch22_ci_vs_wall_
scatter.png Graphic file (type png)
<use stimuli-analyses/outputs/book3/ch22-classification-image/ch22_ci_vs_wall_s
catter.png>
Package pdftex.def Info: stimuli-analyses/outputs/book3/ch22-classification-ima
ge/ch22_ci_vs_wall_scatter.png  used on input line 182.
(pdftex.def)             Requested size: 469.76265pt x 402.65372pt.

LaTeX Warning: `h' float specifier changed to `ht'.

[3 <./stimuli-analyses/outputs/book3/ch22-classification-image/ch22_alignment_h
ist.png>] [4 <./stimuli-analyses/outputs/book3/ch22-classification-image/ch22_c
i_examples.png>] [5 <./stimuli-analyses/outputs/book3/ch22-classification-image
/ch22_ci_vs_wall_scatter.png>]

LaTeX Warning: Reference `fig:ch23-hist' on page 6 undefined on input line 219.



LaTeX Warning: Reference `fig:ch23-vsalign' on page 6 undefined on input line 2
21.

<stimuli-analyses/outputs/book3/ch23-split-half/ch23_splithalf_hist.png, id=67,
 867.24pt x 578.16pt>
File: stimuli-analyses/outputs/book3/ch23-split-half/ch23_splithalf_hist.png Gr
aphic file (type png)
<use stimuli-analyses/outputs/book3/ch23-split-half/ch23_splithalf_hist.png>
Package pdftex.def Info: stimuli-analyses/outputs/book3/ch23-split-half/ch23_sp
lithalf_hist.png  used on input line 244.
(pdftex.def)             Requested size: 469.75827pt x 313.17216pt.

LaTeX Warning: `h' float specifier changed to `ht'.

<stimuli-analyses/outputs/book3/ch23-split-half/ch23_consistency_vs_alignment.p
ng, id=68, 867.24pt x 361.35pt>
File: stimuli-analyses/outputs/book3/ch23-split-half/ch23_consistency_vs_alignm
ent.png Graphic file (type png)
<use stimuli-analyses/outputs/book3/ch23-split-half/ch23_consistency_vs_alignme
nt.png>
Package pdftex.def Info: stimuli-analyses/outputs/book3/ch23-split-half/ch23_co
nsistency_vs_alignment.png  used on input line 254.
(pdftex.def)             Requested size: 469.75827pt x 195.7326pt.

LaTeX Warning: `h' float specifier changed to `ht'.

[6

] [7 <./stimuli-analyses/outputs/book3/ch23-split-half/ch23_splithalf_hist.png>
 <./stimuli-analyses/outputs/book3/ch23-split-half/ch23_consistency_vs_alignmen
t.png>]

LaTeX Warning: Reference `fig:ch24-hist' on page 8 undefined on input line 298.



LaTeX Warning: Reference `fig:ch24-heatmap-fs' on page 8 undefined on input lin
e 298.


LaTeX Warning: Reference `fig:ch24-vs-dprime' on page 8 undefined on input line
 303.

<stimuli-analyses/outputs/book3/ch24-spectral-logistic/ch24_alignment_hist.png,
 id=90, 867.24pt x 361.35pt>
File: stimuli-analyses/outputs/book3/ch24-spectral-logistic/ch24_alignment_hist
.png Graphic file (type png)
<use stimuli-analyses/outputs/book3/ch24-spectral-logistic/ch24_alignment_hist.
png>
Package pdftex.def Info: stimuli-analyses/outputs/book3/ch24-spectral-logistic/
ch24_alignment_hist.png  used on input line 320.
(pdftex.def)             Requested size: 469.75827pt x 195.7326pt.

LaTeX Warning: `h' float specifier changed to `ht'.

<stimuli-analyses/outputs/book3/ch24-spectral-logistic/ch24_weight_heatmap_full
_sentence.png, id=91, 867.24pt x 505.89pt>
File: stimuli-analyses/outputs/book3/ch24-spectral-logistic/ch24_weight_heatmap
_full_sentence.png Graphic file (type png)
<use stimuli-analyses/outputs/book3/ch24-spectral-logistic/ch24_weight_heatmap_
full_sentence.png>
Package pdftex.def Info: stimuli-analyses/outputs/book3/ch24-spectral-logistic/
ch24_weight_heatmap_full_sentence.png  used on input line 329.
(pdftex.def)             Requested size: 469.75827pt x 274.02563pt.

LaTeX Warning: `h' float specifier changed to `ht'.

<stimuli-analyses/outputs/book3/ch24-spectral-logistic/ch24_weight_heatmap_imag
ined_sentence.png, id=92, 867.24pt x 505.89pt>
File: stimuli-analyses/outputs/book3/ch24-spectral-logistic/ch24_weight_heatmap
_imagined_sentence.png Graphic file (type png)
<use stimuli-analyses/outputs/book3/ch24-spectral-logistic/ch24_weight_heatmap_
imagined_sentence.png>
Package pdftex.def Info: stimuli-analyses/outputs/book3/ch24-spectral-logistic/
ch24_weight_heatmap_imagined_sentence.png  used on input line 338.
(pdftex.def)             Requested size: 469.75827pt x 274.02563pt.

LaTeX Warning: `h' float specifier changed to `ht'.

<stimuli-analyses/outputs/book3/ch24-spectral-logistic/ch24_alignment_vs_dprime
.png, id=93, 867.24pt x 361.35pt>
File: stimuli-analyses/outputs/book3/ch24-spectral-logistic/ch24_alignment_vs_d
prime.png Graphic file (type png)
<use stimuli-analyses/outputs/book3/ch24-spectral-logistic/ch24_alignment_vs_dp
rime.png>
Package pdftex.def Info: stimuli-analyses/outputs/book3/ch24-spectral-logistic/
ch24_alignment_vs_dprime.png  used on input line 346.
(pdftex.def)             Requested size: 469.75827pt x 195.7326pt.

LaTeX Warning: `h' float specifier changed to `ht'.

[8

] [9 <./stimuli-analyses/outputs/book3/ch24-spectral-logistic/ch24_alignment_hi
st.png> <./stimuli-analyses/outputs/book3/ch24-spectral-logistic/ch24_weight_he
atmap_full_sentence.png>] [10 <./stimuli-analyses/outputs/book3/ch24-spectral-l
ogistic/ch24_weight_heatmap_imagined_sentence.png> <./stimuli-analyses/outputs/
book3/ch24-spectral-logistic/ch24_alignment_vs_dprime.png>]

LaTeX Warning: Reference `fig:ch25-bin5' on page 11 undefined on input line 387
.


Overfull \hbox (0.97838pt too wide) in paragraph at lines 388--391
[]\OT1/cmr/m/n/10.95 (-20) No re-li-able trials-since-reminder slope (\OT1/cmtt
/m/n/10.95 full[]sentence \OT1/cmr/m/n/10.95 (-20) Wilcoxon $\OML/cmm/m/it/10.9
5 p \OT1/cmr/m/n/10.95 (-20) = 0\OML/cmm/m/it/10.95 :\OT1/cmr/m/n/10.95 (-20) 6
9$; \OT1/cmtt/m/n/10.95 imagined[]sentence
 []


LaTeX Warning: Reference `fig:ch25-drift' on page 11 undefined on input line 40
1.

<stimuli-analyses/outputs/book3/ch25-reminder-anchored/ch25_bin5_group.png, id=
119, 867.24pt x 361.35pt>
File: stimuli-analyses/outputs/book3/ch25-reminder-anchored/ch25_bin5_group.png
 Graphic file (type png)
<use stimuli-analyses/outputs/book3/ch25-reminder-anchored/ch25_bin5_group.png>

Package pdftex.def Info: stimuli-analyses/outputs/book3/ch25-reminder-anchored/
ch25_bin5_group.png  used on input line 418.
(pdftex.def)             Requested size: 469.75827pt x 195.7326pt.

LaTeX Warning: `h' float specifier changed to `ht'.

<stimuli-analyses/outputs/book3/ch25-reminder-anchored/ch25_slope_forest.png, i
d=120, 1011.78pt x 505.89pt>
File: stimuli-analyses/outputs/book3/ch25-reminder-anchored/ch25_slope_forest.p
ng Graphic file (type png)
<use stimuli-analyses/outputs/book3/ch25-reminder-anchored/ch25_slope_forest.pn
g>
Package pdftex.def Info: stimuli-analyses/outputs/book3/ch25-reminder-anchored/
ch25_slope_forest.png  used on input line 427.
(pdftex.def)             Requested size: 469.76266pt x 234.88132pt.

LaTeX Warning: `h' float specifier changed to `ht'.

<stimuli-analyses/outputs/book3/ch25-reminder-anchored/ch25_segment_drift.png, 
id=121, 867.24pt x 361.35pt>
File: stimuli-analyses/outputs/book3/ch25-reminder-anchored/ch25_segment_drift.
png Graphic file (type png)
<use stimuli-analyses/outputs/book3/ch25-reminder-anchored/ch25_segment_drift.p
ng>
Package pdftex.def Info: stimuli-analyses/outputs/book3/ch25-reminder-anchored/
ch25_segment_drift.png  used on input line 438.
(pdftex.def)             Requested size: 469.75827pt x 195.7326pt.

LaTeX Warning: `h' float specifier changed to `ht'.

[11

] [12 <./stimuli-analyses/outputs/book3/ch25-reminder-anchored/ch25_bin5_group.
png> <./stimuli-analyses/outputs/book3/ch25-reminder-anchored/ch25_slope_forest
.png>] [13 <./stimuli-analyses/outputs/book3/ch25-reminder-anchored/ch25_segmen
t_drift.png>] [14

]
Overfull \hbox (30.44995pt too wide) in paragraph at lines 526--534
\OT1/cmr/m/n/10.95 (-20) For each per-subject met-ric (Ch.16 $\OML/cmm/m/it/10.
95 d[]$\OT1/cmr/m/n/10.95 (-20) , Ch.22 $[]([][]\OML/cmm/m/it/10.95 ; [][]\OT1/
cmr/m/n/10.95 (-20) )$, Ch.24 $[](\OML/cmm/m/it/10.95 w[]; w[]\OT1/cmr/m/n/10.9
5 (-20) )$, Ch.25 \OT1/cmtt/m/n/10.95 beta[]truetarget\OT1/cmr/m/n/10.95 (-20) 
)
 []


LaTeX Warning: Reference `fig:ch26-blockorder' on page 15 undefined on input li
ne 539.


LaTeX Warning: Reference `fig:ch26-site' on page 15 undefined on input line 551
.

<stimuli-analyses/outputs/book3/ch26-block-order-and-site/ch26_block_order.png,
 id=160, 1156.32pt x 578.16pt>
File: stimuli-analyses/outputs/book3/ch26-block-order-and-site/ch26_block_order
.png Graphic file (type png)
<use stimuli-analyses/outputs/book3/ch26-block-order-and-site/ch26_block_order.
png>
Package pdftex.def Info: stimuli-analyses/outputs/book3/ch26-block-order-and-si
te/ch26_block_order.png  used on input line 556.
(pdftex.def)             Requested size: 469.75385pt x 234.87692pt.
<stimuli-analyses/outputs/book3/ch26-block-order-and-site/ch26_site_split.png, 
id=161, 1156.32pt x 578.16pt>
File: stimuli-analyses/outputs/book3/ch26-block-order-and-site/ch26_site_split.
png Graphic file (type png)
<use stimuli-analyses/outputs/book3/ch26-block-order-and-site/ch26_site_split.p
ng>
Package pdftex.def Info: stimuli-analyses/outputs/book3/ch26-block-order-and-si
te/ch26_site_split.png  used on input line 565.
(pdftex.def)             Requested size: 469.75385pt x 234.87692pt.

LaTeX Warning: `h' float specifier changed to `ht'.

[15

 <./stimuli-analyses/outputs/book3/ch26-block-order-and-site/ch26_block_order.p
ng>] [16 <./stimuli-analyses/outputs/book3/ch26-block-order-and-site/ch26_site_
split.png>]

Package hyperref Warning: Token not allowed in a PDF string (Unicode):
(hyperref)                removing `math shift' on input line 575.


Package hyperref Warning: Token not allowed in a PDF string (Unicode):
(hyperref)                removing `math shift' on input line 575.


Package hyperref Warning: Token not allowed in a PDF string (Unicode):
(hyperref)                removing `math shift' on input line 587.


Package hyperref Warning: Token not allowed in a PDF string (Unicode):
(hyperref)                removing `math shift' on input line 587.


Package hyperref Warning: Token not allowed in a PDF string (Unicode):
(hyperref)                removing `math shift' on input line 594.


Package hyperref Warning: Token not allowed in a PDF string (Unicode):
(hyperref)                removing `math shift' on input line 594.

<stimuli-analyses/outputs/book3/ch27-dprime-tertiles/ch27_signed_tertile_box.pn
g, id=180, 1156.32pt x 578.16pt>
File: stimuli-analyses/outputs/book3/ch27-dprime-tertiles/ch27_signed_tertile_b
ox.png Graphic file (type png)
<use stimuli-analyses/outputs/book3/ch27-dprime-tertiles/ch27_signed_tertile_bo
x.png>
Package pdftex.def Info: stimuli-analyses/outputs/book3/ch27-dprime-tertiles/ch
27_signed_tertile_box.png  used on input line 627.
(pdftex.def)             Requested size: 469.75385pt x 234.87692pt.

LaTeX Warning: `h' float specifier changed to `ht'.

<stimuli-analyses/outputs/book3/ch27-dprime-tertiles/ch27_abs_tertile_box.png, 
id=181, 1156.32pt x 578.16pt>
File: stimuli-analyses/outputs/book3/ch27-dprime-tertiles/ch27_abs_tertile_box.
png Graphic file (type png)
<use stimuli-analyses/outputs/book3/ch27-dprime-tertiles/ch27_abs_tertile_box.p
ng>
Package pdftex.def Info: stimuli-analyses/outputs/book3/ch27-dprime-tertiles/ch
27_abs_tertile_box.png  used on input line 635.
(pdftex.def)             Requested size: 469.75385pt x 234.87692pt.

LaTeX Warning: `h' float specifier changed to `ht'.

[17

] [18 <./stimuli-analyses/outputs/book3/ch27-dprime-tertiles/ch27_signed_tertil
e_box.png> <./stimuli-analyses/outputs/book3/ch27-dprime-tertiles/ch27_abs_tert
ile_box.png>]
<stimuli-analyses/outputs/book3/ch28-significant-subjects/ch28_signif_overlap_v
enn.png, id=199, 867.24pt x 361.35pt>
File: stimuli-analyses/outputs/book3/ch28-significant-subjects/ch28_signif_over
lap_venn.png Graphic file (type png)
<use stimuli-analyses/outputs/book3/ch28-significant-subjects/ch28_signif_overl
ap_venn.png>
Package pdftex.def Info: stimuli-analyses/outputs/book3/ch28-significant-subjec
ts/ch28_signif_overlap_venn.png  used on input line 692.
(pdftex.def)             Requested size: 469.75827pt x 195.7326pt.
<stimuli-analyses/outputs/book3/ch28-significant-subjects/ch28_significant_metr
ic_table.png, id=200, 867.24pt x 375.804pt>
File: stimuli-analyses/outputs/book3/ch28-significant-subjects/ch28_significant
_metric_table.png Graphic file (type png)
<use stimuli-analyses/outputs/book3/ch28-significant-subjects/ch28_significant_
metric_table.png>
Package pdftex.def Info: stimuli-analyses/outputs/book3/ch28-significant-subjec
ts/ch28_significant_metric_table.png  used on input line 700.
(pdftex.def)             Requested size: 469.75827pt x 203.5619pt.


LaTeX Warning: `h' float specifier changed to `ht'.

[19

 <./stimuli-analyses/outputs/book3/ch28-significant-subjects/ch28_signif_overla
p_venn.png>] [20 <./stimuli-analyses/outputs/book3/ch28-significant-subjects/ch
28_significant_metric_table.png>]
<stimuli-analyses/outputs/book3/ch29-questionnaires/ch29_bais_v_scatter.png, id
=218, 1156.32pt x 578.16pt>
File: stimuli-analyses/outputs/book3/ch29-questionnaires/ch29_bais_v_scatter.pn
g Graphic file (type png)
<use stimuli-analyses/outputs/book3/ch29-questionnaires/ch29_bais_v_scatter.png
>
Package pdftex.def Info: stimuli-analyses/outputs/book3/ch29-questionnaires/ch2
9_bais_v_scatter.png  used on input line 774.
(pdftex.def)             Requested size: 469.75385pt x 234.87692pt.


LaTeX Warning: `h' float specifier changed to `ht'.

<stimuli-analyses/outputs/book3/ch29-questionnaires/ch29_bais_c_scatter.png, id
=219, 1156.32pt x 578.16pt>
File: stimuli-analyses/outputs/book3/ch29-questionnaires/ch29_bais_c_scatter.pn
g Graphic file (type png)
<use stimuli-analyses/outputs/book3/ch29-questionnaires/ch29_bais_c_scatter.png
>
Package pdftex.def Info: stimuli-analyses/outputs/book3/ch29-questionnaires/ch2
9_bais_c_scatter.png  used on input line 783.
(pdftex.def)             Requested size: 469.75385pt x 234.87692pt.

LaTeX Warning: `h' float specifier changed to `ht'.

<stimuli-analyses/outputs/book3/ch29-questionnaires/ch29_tas_scatter.png, id=22
0, 1156.32pt x 578.16pt>
File: stimuli-analyses/outputs/book3/ch29-questionnaires/ch29_tas_scatter.png G
raphic file (type png)
<use stimuli-analyses/outputs/book3/ch29-questionnaires/ch29_tas_scatter.png>
Package pdftex.def Info: stimuli-analyses/outputs/book3/ch29-questionnaires/ch2
9_tas_scatter.png  used on input line 791.
(pdftex.def)             Requested size: 469.75385pt x 234.87692pt.

LaTeX Warning: `h' float specifier changed to `ht'.

<stimuli-analyses/outputs/book3/ch29-questionnaires/ch29_lshs_scatter.png, id=2
21, 1156.32pt x 578.16pt>
File: stimuli-analyses/outputs/book3/ch29-questionnaires/ch29_lshs_scatter.png 
Graphic file (type png)
<use stimuli-analyses/outputs/book3/ch29-questionnaires/ch29_lshs_scatter.png>
Package pdftex.def Info: stimuli-analyses/outputs/book3/ch29-questionnaires/ch2
9_lshs_scatter.png  used on input line 799.
(pdftex.def)             Requested size: 469.75385pt x 234.87692pt.

LaTeX Warning: `h' float specifier changed to `ht'.

[21

] [22 <./stimuli-analyses/outputs/book3/ch29-questionnaires/ch29_bais_v_scatter
.png> <./stimuli-analyses/outputs/book3/ch29-questionnaires/ch29_bais_c_scatter
.png>] [23 <./stimuli-analyses/outputs/book3/ch29-questionnaires/ch29_tas_scatt
er.png> <./stimuli-analyses/outputs/book3/ch29-questionnaires/ch29_lshs_scatter
.png>]
LaTeX Font Info:    Font shape `OT1/cmtt/bx/n' in size <10.95> not available
(Font)              Font shape `OT1/cmtt/m/n' tried instead on input line 815.
 [24

] (./book3_writeup.aux)
 ***********
LaTeX2e <2023-11-01> patch level 1
L3 programming layer <2024-01-22>
 ***********


LaTeX Warning: There were undefined references.


LaTeX Warning: Label(s) may have changed. Rerun to get cross-references right.


Package rerunfilecheck Warning: File `book3_writeup.out' has changed.
(rerunfilecheck)                Rerun to get outlines right
(rerunfilecheck)                or use package `bookmark'.

Package rerunfilecheck Info: Checksums for `book3_writeup.out':
(rerunfilecheck)             Before: <no file>
(rerunfilecheck)             After:  B14067552221CA124B73A804336DE213;6225.
 ) 
Here is how much of TeX's memory you used:
 14251 strings out of 474222
 234341 string characters out of 5748733
 1937975 words of memory out of 5000000
 36095 multiletter control sequences out of 15000+600000
 573529 words of font info for 152 fonts, out of 8000000 for 9000
 1141 hyphenation exceptions out of 8191
 75i,9n,79p,1010b,455s stack positions out of 10000i,1000n,20000p,200000b,200000s
</usr/share/texlive/texmf-dist/fonts/type1/public/amsfonts/cm/cmbx10.pfb></us
r/share/texlive/texmf-dist/fonts/type1/public/amsfonts/cm/cmbx12.pfb></usr/shar
e/texlive/texmf-dist/fonts/type1/public/amsfonts/cm/cmmi10.pfb></usr/share/texl
ive/texmf-dist/fonts/type1/public/amsfonts/cm/cmmi12.pfb></usr/share/texlive/te
xmf-dist/fonts/type1/public/amsfonts/cm/cmmi6.pfb></usr/share/texlive/texmf-dis
t/fonts/type1/public/amsfonts/cm/cmmi8.pfb></usr/share/texlive/texmf-dist/fonts
/type1/public/amsfonts/cm/cmr10.pfb></usr/share/texlive/texmf-dist/fonts/type1/
public/amsfonts/cm/cmr12.pfb></usr/share/texlive/texmf-dist/fonts/type1/public/
amsfonts/cm/cmr17.pfb></usr/share/texlive/texmf-dist/fonts/type1/public/amsfont
s/cm/cmr8.pfb></usr/share/texlive/texmf-dist/fonts/type1/public/amsfonts/cm/cms
y10.pfb></usr/share/texlive/texmf-dist/fonts/type1/public/amsfonts/cm/cmsy8.pfb
></usr/share/texlive/texmf-dist/fonts/type1/public/amsfonts/cm/cmti10.pfb></usr
/share/texlive/texmf-dist/fonts/type1/public/amsfonts/cm/cmtt10.pfb></usr/share
/texlive/texmf-dist/fonts/type1/public/amsfonts/symbols/msbm10.pfb></usr/share/
texmf/fonts/type1/public/cm-super/sfrm1095.pfb>
Output written on book3_writeup.pdf (24 pages, 2351218 bytes).
PDF statistics:
 358 PDF objects out of 1000 (max. 8388607)
 253 compressed objects within 3 object streams
 121 named destinations out of 1000 (max. 500000)
 28271 words of extra memory for PDF output out of 29859 (max. 10000000)

